
The following files have been resolved:
   org.apache.httpcomponents:httpcore-nio:jar:4.4.11:compile
   com.fasterxml.jackson.module:jackson-module-jaxb-annotations:jar:2.9.9:compile
   org.springframework.boot:spring-boot-starter-web:jar:2.1.6.RELEASE:compile
   javax.ws.rs:javax.ws.rs-api:jar:2.1:compile
   org.apache.httpcomponents:httpmime:jar:4.5.9:compile
   org.glassfish.jersey.ext:jersey-entity-filtering:jar:2.27:compile
   org.apache.logging.log4j:log4j-api:jar:2.11.2:compile
   javax.validation:validation-api:jar:2.0.1.Final:compile
   org.springframework.boot:spring-boot:jar:2.1.6.RELEASE:compile
   com.fasterxml.jackson.core:jackson-core:jar:2.9.9:compile
   org.javassist:javassist:jar:3.22.0-CR2:compile
   org.apache.httpcomponents:httpasyncclient:jar:4.1.4:compile
   org.apache.tomcat.embed:tomcat-embed-el:jar:9.0.21:compile
   org.slf4j:slf4j-api:jar:1.7.26:compile
   javax.annotation:javax.annotation-api:jar:1.3.2:compile
   ch.qos.logback:logback-classic:jar:1.2.3:compile
   org.springframework:spring-expression:jar:5.1.8.RELEASE:compile
   org.jboss.logging:jboss-logging:jar:3.3.2.Final:compile
   org.hamcrest:hamcrest-core:jar:1.3:compile
   com.fasterxml.jackson.core:jackson-annotations:jar:2.9.0:compile
   com.fasterxml.jackson.datatype:jackson-datatype-jdk8:jar:2.9.9:compile
   org.glassfish.hk2:hk2-api:jar:2.5.0-b42:compile
   org.springframework.boot:spring-boot-actuator-autoconfigure:jar:2.1.6.RELEASE:compile
   org.apache.logging.log4j:log4j-to-slf4j:jar:2.11.2:compile
   commons-codec:commons-codec:jar:1.11:compile
   org.json:json:jar:20160212:compile
   org.springframework.boot:spring-boot-starter-logging:jar:2.1.6.RELEASE:compile
   org.hibernate.validator:hibernate-validator:jar:6.0.17.Final:compile
   org.springframework:spring-context:jar:5.1.8.RELEASE:compile
   org.springframework.boot:spring-boot-autoconfigure:jar:2.1.6.RELEASE:compile
   org.slf4j:jul-to-slf4j:jar:1.7.26:compile
   org.glassfish.hk2.external:aopalliance-repackaged:jar:2.5.0-b42:compile
   org.glassfish.hk2:hk2-utils:jar:2.5.0-b42:compile
   org.springframework.boot:spring-boot-starter-tomcat:jar:2.1.6.RELEASE:compile
   com.fasterxml.jackson.core:jackson-databind:jar:2.9.9:compile
   org.springframework:spring-web:jar:5.1.8.RELEASE:compile
   org.springframework:spring-jcl:jar:5.1.8.RELEASE:compile
   org.glassfish.hk2:hk2-locator:jar:2.5.0-b42:compile
   com.fasterxml:classmate:jar:1.4.0:compile
   org.hdrhistogram:HdrHistogram:jar:2.1.9:compile
   com.fasterxml.jackson.datatype:jackson-datatype-jsr310:jar:2.9.9:compile
   org.apache.tomcat.embed:tomcat-embed-core:jar:9.0.21:compile
   org.springframework.boot:spring-boot-actuator:jar:2.1.6.RELEASE:compile
   ch.qos.logback:logback-core:jar:1.2.3:compile
   org.springframework.boot:spring-boot-starter-actuator:jar:2.1.6.RELEASE:compile
   org.glassfish.jersey.media:jersey-media-json-jackson:jar:2.27:compile
   org.glassfish.hk2.external:javax.inject:jar:2.5.0-b42:compile
   com.mashape.unirest:unirest-java:jar:1.4.9:compile
   org.springframework.boot:spring-boot-starter:jar:2.1.6.RELEASE:compile
   org.springframework:spring-core:jar:5.1.8.RELEASE:compile
   com.fasterxml.jackson.module:jackson-module-parameter-names:jar:2.9.9:compile
   org.apache.httpcomponents:httpclient:jar:4.5.9:compile
   org.glassfish.jersey.core:jersey-client:jar:2.27:compile
   javax.inject:javax.inject:jar:1:compile
   org.apache.httpcomponents:httpcore:jar:4.4.11:compile
   org.springframework:spring-aop:jar:5.1.8.RELEASE:compile
   org.glassfish.hk2:osgi-resource-locator:jar:1.0.1:compile
   org.glassfish.jersey.inject:jersey-hk2:jar:2.27:compile
   org.apache.tomcat.embed:tomcat-embed-websocket:jar:9.0.21:compile
   junit:junit:jar:4.12:compile
   org.springframework:spring-beans:jar:5.1.8.RELEASE:compile
   org.glassfish.jersey.core:jersey-common:jar:2.27:compile
   org.latencyutils:LatencyUtils:jar:2.0.3:compile
   org.springframework.boot:spring-boot-starter-json:jar:2.1.6.RELEASE:compile
   org.springframework:spring-webmvc:jar:5.1.8.RELEASE:compile
   io.micrometer:micrometer-core:jar:1.1.5:compile
   org.yaml:snakeyaml:jar:1.23:runtime

